This file contains any messages produced by compilers while
running configure, to aid debugging if configure makes a mistake.

It was created by sudosh3 configure 3.2.4, which was
generated by GNU Autoconf 2.63.  Invocation command line was

  $ ./configure --no-create --no-recursion

## --------- ##
## Platform. ##
## --------- ##

hostname = adyenrepo6.office.adyen.com
uname -m = x86_64
uname -r = 2.6.32-431.17.1.el6.x86_64
uname -s = Linux
uname -v = #1 SMP Wed May 7 23:32:49 UTC 2014

/usr/bin/uname -p = unknown
/bin/uname -X     = unknown

/bin/arch              = x86_64
/usr/bin/arch -k       = unknown
/usr/convex/getsysinfo = unknown
/usr/bin/hostinfo      = unknown
/bin/machine           = unknown
/usr/bin/oslevel       = unknown
/bin/universe          = unknown

PATH: /usr/java/default/bin
PATH: /usr/local/sbin
PATH: /usr/local/bin
PATH: /sbin
PATH: /bin
PATH: /usr/sbin
PATH: /usr/bin
PATH: /usr/pgsql-9.2/bin
PATH: /root/bin


## ----------- ##
## Core tests. ##
## ----------- ##

configure:1889: checking build system type
configure:1907: result: x86_64-unknown-linux
configure:1929: checking host system type
configure:1944: result: x86_64-unknown-linux
configure:1966: checking target system type
configure:1981: result: x86_64-unknown-linux
configure:2031: checking for a BSD-compatible install
configure:2099: result: /usr/bin/install -c
configure:2110: checking whether build environment is sane
configure:2170: result: yes
configure:2311: checking for a thread-safe mkdir -p
configure:2350: result: /bin/mkdir -p
configure:2363: checking for gawk
configure:2379: found /bin/gawk
configure:2390: result: gawk
configure:2401: checking whether make sets $(MAKE)
configure:2423: result: yes
configure:2553: checking for gcc
configure:2569: found /usr/bin/gcc
configure:2580: result: gcc
configure:2812: checking for C compiler version
configure:2820: gcc --version >&5
gcc (GCC) 4.4.7 20120313 (Red Hat 4.4.7-4)
Copyright (C) 2010 Free Software Foundation, Inc.
This is free software; see the source for copying conditions.  There is NO
warranty; not even for MERCHANTABILITY or FITNESS FOR A PARTICULAR PURPOSE.

configure:2824: $? = 0
configure:2831: gcc -v >&5
Using built-in specs.
Target: x86_64-redhat-linux
Configured with: ../configure --prefix=/usr --mandir=/usr/share/man --infodir=/usr/share/info --with-bugurl=http://bugzilla.redhat.com/bugzilla --enable-bootstrap --enable-shared --enable-threads=posix --enable-checking=release --with-system-zlib --enable-__cxa_atexit --disable-libunwind-exceptions --enable-gnu-unique-object --enable-languages=c,c++,objc,obj-c++,java,fortran,ada --enable-java-awt=gtk --disable-dssi --with-java-home=/usr/lib/jvm/java-1.5.0-gcj-1.5.0.0/jre --enable-libgcj-multifile --enable-java-maintainer-mode --with-ecj-jar=/usr/share/java/eclipse-ecj.jar --disable-libjava-multilib --with-ppl --with-cloog --with-tune=generic --with-arch_32=i686 --build=x86_64-redhat-linux
Thread model: posix
gcc version 4.4.7 20120313 (Red Hat 4.4.7-4) (GCC) 
configure:2835: $? = 0
configure:2842: gcc -V >&5
gcc: '-V' option must have argument
configure:2846: $? = 1
configure:2869: checking for C compiler default output file name
configure:2891: gcc    conftest.c  >&5
configure:2895: $? = 0
configure:2933: result: a.out
configure:2952: checking whether the C compiler works
configure:2962: ./a.out
configure:2966: $? = 0
configure:2985: result: yes
configure:2992: checking whether we are cross compiling
configure:2994: result: no
configure:2997: checking for suffix of executables
configure:3004: gcc -o conftest    conftest.c  >&5
configure:3008: $? = 0
configure:3034: result: 
configure:3040: checking for suffix of object files
configure:3066: gcc -c   conftest.c >&5
configure:3070: $? = 0
configure:3095: result: o
configure:3099: checking whether we are using the GNU C compiler
configure:3128: gcc -c   conftest.c >&5
configure:3135: $? = 0
configure:3152: result: yes
configure:3161: checking whether gcc accepts -g
configure:3191: gcc -c -g  conftest.c >&5
configure:3198: $? = 0
configure:3299: result: yes
configure:3316: checking for gcc option to accept ISO C89
configure:3390: gcc  -c -g -O2  conftest.c >&5
configure:3397: $? = 0
configure:3420: result: none needed
configure:3449: checking for style of include used by make
configure:3477: result: GNU
configure:3502: checking dependency style of gcc
configure:3612: result: gcc3
configure:3629: checking for perl
configure:3647: found /usr/bin/perl
configure:3659: result: /usr/bin/perl
configure:3670: checking for logdir
configure:3701: result: /var/log/sudosh
configure:3711: checking for /etc/shells
configure:3714: result: found
configure:3748: checking for dirent.h that defines DIR
configure:3777: gcc -c -g -O2  conftest.c >&5
configure:3784: $? = 0
configure:3801: result: yes
configure:3816: checking for library containing opendir
configure:3857: gcc -o conftest -g -O2   conftest.c  >&5
configure:3864: $? = 0
configure:3895: result: none required
configure:3998: checking how to run the C preprocessor
configure:4038: gcc -E  conftest.c
configure:4045: $? = 0
configure:4076: gcc -E  conftest.c
conftest.c:13:28: error: ac_nonexistent.h: No such file or directory
configure:4083: $? = 1
configure: failed program was:
| /* confdefs.h.  */
| #define PACKAGE_NAME "sudosh3"
| #define PACKAGE_TARNAME "sudosh3"
| #define PACKAGE_VERSION "3.2.4"
| #define PACKAGE_STRING "sudosh3 3.2.4"
| #define PACKAGE_BUGREPORT "joeri.pronk@adyen.com"
| #define PACKAGE "sudosh3"
| #define VERSION "3.2.4"
| #define LOGDIR "/var/log/sudosh"
| #define HAS_ETC_SHELLS 1
| #define HAVE_DIRENT_H 1
| /* end confdefs.h.  */
| #include <ac_nonexistent.h>
configure:4116: result: gcc -E
configure:4145: gcc -E  conftest.c
configure:4152: $? = 0
configure:4183: gcc -E  conftest.c
conftest.c:13:28: error: ac_nonexistent.h: No such file or directory
configure:4190: $? = 1
configure: failed program was:
| /* confdefs.h.  */
| #define PACKAGE_NAME "sudosh3"
| #define PACKAGE_TARNAME "sudosh3"
| #define PACKAGE_VERSION "3.2.4"
| #define PACKAGE_STRING "sudosh3 3.2.4"
| #define PACKAGE_BUGREPORT "joeri.pronk@adyen.com"
| #define PACKAGE "sudosh3"
| #define VERSION "3.2.4"
| #define LOGDIR "/var/log/sudosh"
| #define HAS_ETC_SHELLS 1
| #define HAVE_DIRENT_H 1
| /* end confdefs.h.  */
| #include <ac_nonexistent.h>
configure:4230: checking for grep that handles long lines and -e
configure:4290: result: /bin/grep
configure:4295: checking for egrep
configure:4359: result: /bin/grep -E
configure:4364: checking for ANSI C header files
configure:4394: gcc -c -g -O2  conftest.c >&5
configure:4401: $? = 0
configure:4500: gcc -o conftest -g -O2   conftest.c  >&5
configure:4504: $? = 0
configure:4510: ./conftest
configure:4514: $? = 0
configure:4532: result: yes
configure:4557: checking for sys/types.h
configure:4578: gcc -c -g -O2  conftest.c >&5
configure:4585: $? = 0
configure:4602: result: yes
configure:4557: checking for sys/stat.h
configure:4578: gcc -c -g -O2  conftest.c >&5
configure:4585: $? = 0
configure:4602: result: yes
configure:4557: checking for stdlib.h
configure:4578: gcc -c -g -O2  conftest.c >&5
configure:4585: $? = 0
configure:4602: result: yes
configure:4557: checking for string.h
configure:4578: gcc -c -g -O2  conftest.c >&5
configure:4585: $? = 0
configure:4602: result: yes
configure:4557: checking for memory.h
configure:4578: gcc -c -g -O2  conftest.c >&5
configure:4585: $? = 0
configure:4602: result: yes
configure:4557: checking for strings.h
configure:4578: gcc -c -g -O2  conftest.c >&5
configure:4585: $? = 0
configure:4602: result: yes
configure:4557: checking for inttypes.h
configure:4578: gcc -c -g -O2  conftest.c >&5
configure:4585: $? = 0
configure:4602: result: yes
configure:4557: checking for stdint.h
configure:4578: gcc -c -g -O2  conftest.c >&5
configure:4585: $? = 0
configure:4602: result: yes
configure:4557: checking for unistd.h
configure:4578: gcc -c -g -O2  conftest.c >&5
configure:4585: $? = 0
configure:4602: result: yes
configure:4626: checking for unistd.h
configure:4633: result: yes
configure:4626: checking for stdlib.h
configure:4633: result: yes
configure:4626: checking for string.h
configure:4633: result: yes
configure:4637: checking errno.h usability
configure:4654: gcc -c -g -O2  conftest.c >&5
configure:4661: $? = 0
configure:4675: result: yes
configure:4679: checking errno.h presence
configure:4694: gcc -E  conftest.c
configure:4701: $? = 0
configure:4715: result: yes
configure:4748: checking for errno.h
configure:4757: result: yes
configure:4637: checking stdarg.h usability
configure:4654: gcc -c -g -O2  conftest.c >&5
configure:4661: $? = 0
configure:4675: result: yes
configure:4679: checking stdarg.h presence
configure:4694: gcc -E  conftest.c
configure:4701: $? = 0
configure:4715: result: yes
configure:4748: checking for stdarg.h
configure:4757: result: yes
configure:4637: checking stdio.h usability
configure:4654: gcc -c -g -O2  conftest.c >&5
configure:4661: $? = 0
configure:4675: result: yes
configure:4679: checking stdio.h presence
configure:4694: gcc -E  conftest.c
configure:4701: $? = 0
configure:4715: result: yes
configure:4748: checking for stdio.h
configure:4757: result: yes
configure:4794: checking sgtty.h usability
configure:4811: gcc -c -g -O2  conftest.c >&5
configure:4818: $? = 0
configure:4832: result: yes
configure:4836: checking sgtty.h presence
configure:4851: gcc -E  conftest.c
configure:4858: $? = 0
configure:4872: result: yes
configure:4905: checking for sgtty.h
configure:4914: result: yes
configure:4794: checking pty.h usability
configure:4811: gcc -c -g -O2  conftest.c >&5
configure:4818: $? = 0
configure:4832: result: yes
configure:4836: checking pty.h presence
configure:4851: gcc -E  conftest.c
configure:4858: $? = 0
configure:4872: result: yes
configure:4905: checking for pty.h
configure:4914: result: yes
configure:4794: checking signal.h usability
configure:4811: gcc -c -g -O2  conftest.c >&5
configure:4818: $? = 0
configure:4832: result: yes
configure:4836: checking signal.h presence
configure:4851: gcc -E  conftest.c
configure:4858: $? = 0
configure:4872: result: yes
configure:4905: checking for signal.h
configure:4914: result: yes
configure:4794: checking time.h usability
configure:4811: gcc -c -g -O2  conftest.c >&5
configure:4818: $? = 0
configure:4832: result: yes
configure:4836: checking time.h presence
configure:4851: gcc -E  conftest.c
configure:4858: $? = 0
configure:4872: result: yes
configure:4905: checking for time.h
configure:4914: result: yes
configure:4794: checking sys/time.h usability
configure:4811: gcc -c -g -O2  conftest.c >&5
configure:4818: $? = 0
configure:4832: result: yes
configure:4836: checking sys/time.h presence
configure:4851: gcc -E  conftest.c
configure:4858: $? = 0
configure:4872: result: yes
configure:4905: checking for sys/time.h
configure:4914: result: yes
configure:4794: checking fcntl.h usability
configure:4811: gcc -c -g -O2  conftest.c >&5
configure:4818: $? = 0
configure:4832: result: yes
configure:4836: checking fcntl.h presence
configure:4851: gcc -E  conftest.c
configure:4858: $? = 0
configure:4872: result: yes
configure:4905: checking for fcntl.h
configure:4914: result: yes
configure:4794: checking stropts.h usability
configure:4811: gcc -c -g -O2  conftest.c >&5
conftest.c:68:21: error: stropts.h: No such file or directory
configure:4818: $? = 1
configure: failed program was:
| /* confdefs.h.  */
| #define PACKAGE_NAME "sudosh3"
| #define PACKAGE_TARNAME "sudosh3"
| #define PACKAGE_VERSION "3.2.4"
| #define PACKAGE_STRING "sudosh3 3.2.4"
| #define PACKAGE_BUGREPORT "joeri.pronk@adyen.com"
| #define PACKAGE "sudosh3"
| #define VERSION "3.2.4"
| #define LOGDIR "/var/log/sudosh"
| #define HAS_ETC_SHELLS 1
| #define HAVE_DIRENT_H 1
| #define STDC_HEADERS 1
| #define HAVE_SYS_TYPES_H 1
| #define HAVE_SYS_STAT_H 1
| #define HAVE_STDLIB_H 1
| #define HAVE_STRING_H 1
| #define HAVE_MEMORY_H 1
| #define HAVE_STRINGS_H 1
| #define HAVE_INTTYPES_H 1
| #define HAVE_STDINT_H 1
| #define HAVE_UNISTD_H 1
| #define HAVE_UNISTD_H 1
| #define HAVE_STDLIB_H 1
| #define HAVE_STRING_H 1
| #define HAVE_ERRNO_H 1
| #define HAVE_STDARG_H 1
| #define HAVE_STDIO_H 1
| #define HAVE_SGTTY_H 1
| #define HAVE_PTY_H 1
| #define HAVE_SIGNAL_H 1
| #define HAVE_TIME_H 1
| #define HAVE_SYS_TIME_H 1
| #define HAVE_FCNTL_H 1
| /* end confdefs.h.  */
| #include <stdio.h>
| #ifdef HAVE_SYS_TYPES_H
| # include <sys/types.h>
| #endif
| #ifdef HAVE_SYS_STAT_H
| # include <sys/stat.h>
| #endif
| #ifdef STDC_HEADERS
| # include <stdlib.h>
| # include <stddef.h>
| #else
| # ifdef HAVE_STDLIB_H
| #  include <stdlib.h>
| # endif
| #endif
| #ifdef HAVE_STRING_H
| # if !defined STDC_HEADERS && defined HAVE_MEMORY_H
| #  include <memory.h>
| # endif
| # include <string.h>
| #endif
| #ifdef HAVE_STRINGS_H
| # include <strings.h>
| #endif
| #ifdef HAVE_INTTYPES_H
| # include <inttypes.h>
| #endif
| #ifdef HAVE_STDINT_H
| # include <stdint.h>
| #endif
| #ifdef HAVE_UNISTD_H
| # include <unistd.h>
| #endif
| #include <stropts.h>
configure:4832: result: no
configure:4836: checking stropts.h presence
configure:4851: gcc -E  conftest.c
conftest.c:35:21: error: stropts.h: No such file or directory
configure:4858: $? = 1
configure: failed program was:
| /* confdefs.h.  */
| #define PACKAGE_NAME "sudosh3"
| #define PACKAGE_TARNAME "sudosh3"
| #define PACKAGE_VERSION "3.2.4"
| #define PACKAGE_STRING "sudosh3 3.2.4"
| #define PACKAGE_BUGREPORT "joeri.pronk@adyen.com"
| #define PACKAGE "sudosh3"
| #define VERSION "3.2.4"
| #define LOGDIR "/var/log/sudosh"
| #define HAS_ETC_SHELLS 1
| #define HAVE_DIRENT_H 1
| #define STDC_HEADERS 1
| #define HAVE_SYS_TYPES_H 1
| #define HAVE_SYS_STAT_H 1
| #define HAVE_STDLIB_H 1
| #define HAVE_STRING_H 1
| #define HAVE_MEMORY_H 1
| #define HAVE_STRINGS_H 1
| #define HAVE_INTTYPES_H 1
| #define HAVE_STDINT_H 1
| #define HAVE_UNISTD_H 1
| #define HAVE_UNISTD_H 1
| #define HAVE_STDLIB_H 1
| #define HAVE_STRING_H 1
| #define HAVE_ERRNO_H 1
| #define HAVE_STDARG_H 1
| #define HAVE_STDIO_H 1
| #define HAVE_SGTTY_H 1
| #define HAVE_PTY_H 1
| #define HAVE_SIGNAL_H 1
| #define HAVE_TIME_H 1
| #define HAVE_SYS_TIME_H 1
| #define HAVE_FCNTL_H 1
| /* end confdefs.h.  */
| #include <stropts.h>
configure:4872: result: no
configure:4905: checking for stropts.h
configure:4914: result: no
configure:4949: checking util.h usability
configure:4966: gcc -c -g -O2  conftest.c >&5
conftest.c:68:18: error: util.h: No such file or directory
configure:4973: $? = 1
configure: failed program was:
| /* confdefs.h.  */
| #define PACKAGE_NAME "sudosh3"
| #define PACKAGE_TARNAME "sudosh3"
| #define PACKAGE_VERSION "3.2.4"
| #define PACKAGE_STRING "sudosh3 3.2.4"
| #define PACKAGE_BUGREPORT "joeri.pronk@adyen.com"
| #define PACKAGE "sudosh3"
| #define VERSION "3.2.4"
| #define LOGDIR "/var/log/sudosh"
| #define HAS_ETC_SHELLS 1
| #define HAVE_DIRENT_H 1
| #define STDC_HEADERS 1
| #define HAVE_SYS_TYPES_H 1
| #define HAVE_SYS_STAT_H 1
| #define HAVE_STDLIB_H 1
| #define HAVE_STRING_H 1
| #define HAVE_MEMORY_H 1
| #define HAVE_STRINGS_H 1
| #define HAVE_INTTYPES_H 1
| #define HAVE_STDINT_H 1
| #define HAVE_UNISTD_H 1
| #define HAVE_UNISTD_H 1
| #define HAVE_STDLIB_H 1
| #define HAVE_STRING_H 1
| #define HAVE_ERRNO_H 1
| #define HAVE_STDARG_H 1
| #define HAVE_STDIO_H 1
| #define HAVE_SGTTY_H 1
| #define HAVE_PTY_H 1
| #define HAVE_SIGNAL_H 1
| #define HAVE_TIME_H 1
| #define HAVE_SYS_TIME_H 1
| #define HAVE_FCNTL_H 1
| /* end confdefs.h.  */
| #include <stdio.h>
| #ifdef HAVE_SYS_TYPES_H
| # include <sys/types.h>
| #endif
| #ifdef HAVE_SYS_STAT_H
| # include <sys/stat.h>
| #endif
| #ifdef STDC_HEADERS
| # include <stdlib.h>
| # include <stddef.h>
| #else
| # ifdef HAVE_STDLIB_H
| #  include <stdlib.h>
| # endif
| #endif
| #ifdef HAVE_STRING_H
| # if !defined STDC_HEADERS && defined HAVE_MEMORY_H
| #  include <memory.h>
| # endif
| # include <string.h>
| #endif
| #ifdef HAVE_STRINGS_H
| # include <strings.h>
| #endif
| #ifdef HAVE_INTTYPES_H
| # include <inttypes.h>
| #endif
| #ifdef HAVE_STDINT_H
| # include <stdint.h>
| #endif
| #ifdef HAVE_UNISTD_H
| # include <unistd.h>
| #endif
| #include <util.h>
configure:4987: result: no
configure:4991: checking util.h presence
configure:5006: gcc -E  conftest.c
conftest.c:35:18: error: util.h: No such file or directory
configure:5013: $? = 1
configure: failed program was:
| /* confdefs.h.  */
| #define PACKAGE_NAME "sudosh3"
| #define PACKAGE_TARNAME "sudosh3"
| #define PACKAGE_VERSION "3.2.4"
| #define PACKAGE_STRING "sudosh3 3.2.4"
| #define PACKAGE_BUGREPORT "joeri.pronk@adyen.com"
| #define PACKAGE "sudosh3"
| #define VERSION "3.2.4"
| #define LOGDIR "/var/log/sudosh"
| #define HAS_ETC_SHELLS 1
| #define HAVE_DIRENT_H 1
| #define STDC_HEADERS 1
| #define HAVE_SYS_TYPES_H 1
| #define HAVE_SYS_STAT_H 1
| #define HAVE_STDLIB_H 1
| #define HAVE_STRING_H 1
| #define HAVE_MEMORY_H 1
| #define HAVE_STRINGS_H 1
| #define HAVE_INTTYPES_H 1
| #define HAVE_STDINT_H 1
| #define HAVE_UNISTD_H 1
| #define HAVE_UNISTD_H 1
| #define HAVE_STDLIB_H 1
| #define HAVE_STRING_H 1
| #define HAVE_ERRNO_H 1
| #define HAVE_STDARG_H 1
| #define HAVE_STDIO_H 1
| #define HAVE_SGTTY_H 1
| #define HAVE_PTY_H 1
| #define HAVE_SIGNAL_H 1
| #define HAVE_TIME_H 1
| #define HAVE_SYS_TIME_H 1
| #define HAVE_FCNTL_H 1
| /* end confdefs.h.  */
| #include <util.h>
configure:5027: result: no
configure:5060: checking for util.h
configure:5069: result: no
configure:4949: checking termios.h usability
configure:4966: gcc -c -g -O2  conftest.c >&5
configure:4973: $? = 0
configure:4987: result: yes
configure:4991: checking termios.h presence
configure:5006: gcc -E  conftest.c
configure:5013: $? = 0
configure:5027: result: yes
configure:5060: checking for termios.h
configure:5069: result: yes
configure:4949: checking sys/termios.h usability
configure:4966: gcc -c -g -O2  conftest.c >&5
configure:4973: $? = 0
configure:4987: result: yes
configure:4991: checking sys/termios.h presence
configure:5006: gcc -E  conftest.c
configure:5013: $? = 0
configure:5027: result: yes
configure:5060: checking for sys/termios.h
configure:5069: result: yes
configure:4938: checking for sys/types.h
configure:4945: result: yes
configure:4949: checking libutil.h usability
configure:4966: gcc -c -g -O2  conftest.c >&5
conftest.c:71:21: error: libutil.h: No such file or directory
configure:4973: $? = 1
configure: failed program was:
| /* confdefs.h.  */
| #define PACKAGE_NAME "sudosh3"
| #define PACKAGE_TARNAME "sudosh3"
| #define PACKAGE_VERSION "3.2.4"
| #define PACKAGE_STRING "sudosh3 3.2.4"
| #define PACKAGE_BUGREPORT "joeri.pronk@adyen.com"
| #define PACKAGE "sudosh3"
| #define VERSION "3.2.4"
| #define LOGDIR "/var/log/sudosh"
| #define HAS_ETC_SHELLS 1
| #define HAVE_DIRENT_H 1
| #define STDC_HEADERS 1
| #define HAVE_SYS_TYPES_H 1
| #define HAVE_SYS_STAT_H 1
| #define HAVE_STDLIB_H 1
| #define HAVE_STRING_H 1
| #define HAVE_MEMORY_H 1
| #define HAVE_STRINGS_H 1
| #define HAVE_INTTYPES_H 1
| #define HAVE_STDINT_H 1
| #define HAVE_UNISTD_H 1
| #define HAVE_UNISTD_H 1
| #define HAVE_STDLIB_H 1
| #define HAVE_STRING_H 1
| #define HAVE_ERRNO_H 1
| #define HAVE_STDARG_H 1
| #define HAVE_STDIO_H 1
| #define HAVE_SGTTY_H 1
| #define HAVE_PTY_H 1
| #define HAVE_SIGNAL_H 1
| #define HAVE_TIME_H 1
| #define HAVE_SYS_TIME_H 1
| #define HAVE_FCNTL_H 1
| #define HAVE_TERMIOS_H 1
| #define HAVE_SYS_TERMIOS_H 1
| #define HAVE_SYS_TYPES_H 1
| /* end confdefs.h.  */
| #include <stdio.h>
| #ifdef HAVE_SYS_TYPES_H
| # include <sys/types.h>
| #endif
| #ifdef HAVE_SYS_STAT_H
| # include <sys/stat.h>
| #endif
| #ifdef STDC_HEADERS
| # include <stdlib.h>
| # include <stddef.h>
| #else
| # ifdef HAVE_STDLIB_H
| #  include <stdlib.h>
| # endif
| #endif
| #ifdef HAVE_STRING_H
| # if !defined STDC_HEADERS && defined HAVE_MEMORY_H
| #  include <memory.h>
| # endif
| # include <string.h>
| #endif
| #ifdef HAVE_STRINGS_H
| # include <strings.h>
| #endif
| #ifdef HAVE_INTTYPES_H
| # include <inttypes.h>
| #endif
| #ifdef HAVE_STDINT_H
| # include <stdint.h>
| #endif
| #ifdef HAVE_UNISTD_H
| # include <unistd.h>
| #endif
| #include <libutil.h>
configure:4987: result: no
configure:4991: checking libutil.h presence
configure:5006: gcc -E  conftest.c
conftest.c:38:21: error: libutil.h: No such file or directory
configure:5013: $? = 1
configure: failed program was:
| /* confdefs.h.  */
| #define PACKAGE_NAME "sudosh3"
| #define PACKAGE_TARNAME "sudosh3"
| #define PACKAGE_VERSION "3.2.4"
| #define PACKAGE_STRING "sudosh3 3.2.4"
| #define PACKAGE_BUGREPORT "joeri.pronk@adyen.com"
| #define PACKAGE "sudosh3"
| #define VERSION "3.2.4"
| #define LOGDIR "/var/log/sudosh"
| #define HAS_ETC_SHELLS 1
| #define HAVE_DIRENT_H 1
| #define STDC_HEADERS 1
| #define HAVE_SYS_TYPES_H 1
| #define HAVE_SYS_STAT_H 1
| #define HAVE_STDLIB_H 1
| #define HAVE_STRING_H 1
| #define HAVE_MEMORY_H 1
| #define HAVE_STRINGS_H 1
| #define HAVE_INTTYPES_H 1
| #define HAVE_STDINT_H 1
| #define HAVE_UNISTD_H 1
| #define HAVE_UNISTD_H 1
| #define HAVE_STDLIB_H 1
| #define HAVE_STRING_H 1
| #define HAVE_ERRNO_H 1
| #define HAVE_STDARG_H 1
| #define HAVE_STDIO_H 1
| #define HAVE_SGTTY_H 1
| #define HAVE_PTY_H 1
| #define HAVE_SIGNAL_H 1
| #define HAVE_TIME_H 1
| #define HAVE_SYS_TIME_H 1
| #define HAVE_FCNTL_H 1
| #define HAVE_TERMIOS_H 1
| #define HAVE_SYS_TERMIOS_H 1
| #define HAVE_SYS_TYPES_H 1
| /* end confdefs.h.  */
| #include <libutil.h>
configure:5027: result: no
configure:5060: checking for libutil.h
configure:5069: result: no
configure:5104: checking features.h usability
configure:5121: gcc -c -g -O2  conftest.c >&5
configure:5128: $? = 0
configure:5142: result: yes
configure:5146: checking features.h presence
configure:5161: gcc -E  conftest.c
configure:5168: $? = 0
configure:5182: result: yes
configure:5215: checking for features.h
configure:5224: result: yes
configure:5104: checking sys/ioctl.h usability
configure:5121: gcc -c -g -O2  conftest.c >&5
configure:5128: $? = 0
configure:5142: result: yes
configure:5146: checking sys/ioctl.h presence
configure:5161: gcc -E  conftest.c
configure:5168: $? = 0
configure:5182: result: yes
configure:5215: checking for sys/ioctl.h
configure:5224: result: yes
configure:5104: checking pwd.h usability
configure:5121: gcc -c -g -O2  conftest.c >&5
configure:5128: $? = 0
configure:5142: result: yes
configure:5146: checking pwd.h presence
configure:5161: gcc -E  conftest.c
configure:5168: $? = 0
configure:5182: result: yes
configure:5215: checking for pwd.h
configure:5224: result: yes
configure:5104: checking syslog.h usability
configure:5121: gcc -c -g -O2  conftest.c >&5
configure:5128: $? = 0
configure:5142: result: yes
configure:5146: checking syslog.h presence
configure:5161: gcc -E  conftest.c
configure:5168: $? = 0
configure:5182: result: yes
configure:5215: checking for syslog.h
configure:5224: result: yes
configure:5104: checking usersec.h usability
configure:5121: gcc -c -g -O2  conftest.c >&5
conftest.c:75:21: error: usersec.h: No such file or directory
configure:5128: $? = 1
configure: failed program was:
| /* confdefs.h.  */
| #define PACKAGE_NAME "sudosh3"
| #define PACKAGE_TARNAME "sudosh3"
| #define PACKAGE_VERSION "3.2.4"
| #define PACKAGE_STRING "sudosh3 3.2.4"
| #define PACKAGE_BUGREPORT "joeri.pronk@adyen.com"
| #define PACKAGE "sudosh3"
| #define VERSION "3.2.4"
| #define LOGDIR "/var/log/sudosh"
| #define HAS_ETC_SHELLS 1
| #define HAVE_DIRENT_H 1
| #define STDC_HEADERS 1
| #define HAVE_SYS_TYPES_H 1
| #define HAVE_SYS_STAT_H 1
| #define HAVE_STDLIB_H 1
| #define HAVE_STRING_H 1
| #define HAVE_MEMORY_H 1
| #define HAVE_STRINGS_H 1
| #define HAVE_INTTYPES_H 1
| #define HAVE_STDINT_H 1
| #define HAVE_UNISTD_H 1
| #define HAVE_UNISTD_H 1
| #define HAVE_STDLIB_H 1
| #define HAVE_STRING_H 1
| #define HAVE_ERRNO_H 1
| #define HAVE_STDARG_H 1
| #define HAVE_STDIO_H 1
| #define HAVE_SGTTY_H 1
| #define HAVE_PTY_H 1
| #define HAVE_SIGNAL_H 1
| #define HAVE_TIME_H 1
| #define HAVE_SYS_TIME_H 1
| #define HAVE_FCNTL_H 1
| #define HAVE_TERMIOS_H 1
| #define HAVE_SYS_TERMIOS_H 1
| #define HAVE_SYS_TYPES_H 1
| #define HAVE_FEATURES_H 1
| #define HAVE_SYS_IOCTL_H 1
| #define HAVE_PWD_H 1
| #define HAVE_SYSLOG_H 1
| /* end confdefs.h.  */
| #include <stdio.h>
| #ifdef HAVE_SYS_TYPES_H
| # include <sys/types.h>
| #endif
| #ifdef HAVE_SYS_STAT_H
| # include <sys/stat.h>
| #endif
| #ifdef STDC_HEADERS
| # include <stdlib.h>
| # include <stddef.h>
| #else
| # ifdef HAVE_STDLIB_H
| #  include <stdlib.h>
| # endif
| #endif
| #ifdef HAVE_STRING_H
| # if !defined STDC_HEADERS && defined HAVE_MEMORY_H
| #  include <memory.h>
| # endif
| # include <string.h>
| #endif
| #ifdef HAVE_STRINGS_H
| # include <strings.h>
| #endif
| #ifdef HAVE_INTTYPES_H
| # include <inttypes.h>
| #endif
| #ifdef HAVE_STDINT_H
| # include <stdint.h>
| #endif
| #ifdef HAVE_UNISTD_H
| # include <unistd.h>
| #endif
| #include <usersec.h>
configure:5142: result: no
configure:5146: checking usersec.h presence
configure:5161: gcc -E  conftest.c
conftest.c:42:21: error: usersec.h: No such file or directory
configure:5168: $? = 1
configure: failed program was:
| /* confdefs.h.  */
| #define PACKAGE_NAME "sudosh3"
| #define PACKAGE_TARNAME "sudosh3"
| #define PACKAGE_VERSION "3.2.4"
| #define PACKAGE_STRING "sudosh3 3.2.4"
| #define PACKAGE_BUGREPORT "joeri.pronk@adyen.com"
| #define PACKAGE "sudosh3"
| #define VERSION "3.2.4"
| #define LOGDIR "/var/log/sudosh"
| #define HAS_ETC_SHELLS 1
| #define HAVE_DIRENT_H 1
| #define STDC_HEADERS 1
| #define HAVE_SYS_TYPES_H 1
| #define HAVE_SYS_STAT_H 1
| #define HAVE_STDLIB_H 1
| #define HAVE_STRING_H 1
| #define HAVE_MEMORY_H 1
| #define HAVE_STRINGS_H 1
| #define HAVE_INTTYPES_H 1
| #define HAVE_STDINT_H 1
| #define HAVE_UNISTD_H 1
| #define HAVE_UNISTD_H 1
| #define HAVE_STDLIB_H 1
| #define HAVE_STRING_H 1
| #define HAVE_ERRNO_H 1
| #define HAVE_STDARG_H 1
| #define HAVE_STDIO_H 1
| #define HAVE_SGTTY_H 1
| #define HAVE_PTY_H 1
| #define HAVE_SIGNAL_H 1
| #define HAVE_TIME_H 1
| #define HAVE_SYS_TIME_H 1
| #define HAVE_FCNTL_H 1
| #define HAVE_TERMIOS_H 1
| #define HAVE_SYS_TERMIOS_H 1
| #define HAVE_SYS_TYPES_H 1
| #define HAVE_FEATURES_H 1
| #define HAVE_SYS_IOCTL_H 1
| #define HAVE_PWD_H 1
| #define HAVE_SYSLOG_H 1
| /* end confdefs.h.  */
| #include <usersec.h>
configure:5182: result: no
configure:5215: checking for usersec.h
configure:5224: result: no
configure:5259: checking limits.h usability
configure:5276: gcc -c -g -O2  conftest.c >&5
configure:5283: $? = 0
configure:5297: result: yes
configure:5301: checking limits.h presence
configure:5316: gcc -E  conftest.c
configure:5323: $? = 0
configure:5337: result: yes
configure:5370: checking for limits.h
configure:5379: result: yes
configure:5248: checking for sys/stat.h
configure:5255: result: yes
configure:5259: checking sys/param.h usability
configure:5276: gcc -c -g -O2  conftest.c >&5
configure:5283: $? = 0
configure:5297: result: yes
configure:5301: checking sys/param.h presence
configure:5316: gcc -E  conftest.c
configure:5323: $? = 0
configure:5337: result: yes
configure:5370: checking for sys/param.h
configure:5379: result: yes
configure:5259: checking dirent.h usability
configure:5276: gcc -c -g -O2  conftest.c >&5
configure:5283: $? = 0
configure:5297: result: yes
configure:5301: checking dirent.h presence
configure:5316: gcc -E  conftest.c
configure:5323: $? = 0
configure:5337: result: yes
configure:5370: checking for dirent.h
configure:5379: result: yes
configure:5259: checking ctype.h usability
configure:5276: gcc -c -g -O2  conftest.c >&5
configure:5283: $? = 0
configure:5297: result: yes
configure:5301: checking ctype.h presence
configure:5316: gcc -E  conftest.c
configure:5323: $? = 0
configure:5337: result: yes
configure:5370: checking for ctype.h
configure:5379: result: yes
configure:5399: checking for openpty
configure:5455: gcc -o conftest -g -O2   conftest.c  >&5
/tmp/ccydTKny.o: In function `main':
/root/rpmbuild/SOURCES/sudosh-3.2.3/conftest.c:81: undefined reference to `openpty'
collect2: ld returned 1 exit status
configure:5462: $? = 1
configure: failed program was:
| /* confdefs.h.  */
| #define PACKAGE_NAME "sudosh3"
| #define PACKAGE_TARNAME "sudosh3"
| #define PACKAGE_VERSION "3.2.4"
| #define PACKAGE_STRING "sudosh3 3.2.4"
| #define PACKAGE_BUGREPORT "joeri.pronk@adyen.com"
| #define PACKAGE "sudosh3"
| #define VERSION "3.2.4"
| #define LOGDIR "/var/log/sudosh"
| #define HAS_ETC_SHELLS 1
| #define HAVE_DIRENT_H 1
| #define STDC_HEADERS 1
| #define HAVE_SYS_TYPES_H 1
| #define HAVE_SYS_STAT_H 1
| #define HAVE_STDLIB_H 1
| #define HAVE_STRING_H 1
| #define HAVE_MEMORY_H 1
| #define HAVE_STRINGS_H 1
| #define HAVE_INTTYPES_H 1
| #define HAVE_STDINT_H 1
| #define HAVE_UNISTD_H 1
| #define HAVE_UNISTD_H 1
| #define HAVE_STDLIB_H 1
| #define HAVE_STRING_H 1
| #define HAVE_ERRNO_H 1
| #define HAVE_STDARG_H 1
| #define HAVE_STDIO_H 1
| #define HAVE_SGTTY_H 1
| #define HAVE_PTY_H 1
| #define HAVE_SIGNAL_H 1
| #define HAVE_TIME_H 1
| #define HAVE_SYS_TIME_H 1
| #define HAVE_FCNTL_H 1
| #define HAVE_TERMIOS_H 1
| #define HAVE_SYS_TERMIOS_H 1
| #define HAVE_SYS_TYPES_H 1
| #define HAVE_FEATURES_H 1
| #define HAVE_SYS_IOCTL_H 1
| #define HAVE_PWD_H 1
| #define HAVE_SYSLOG_H 1
| #define HAVE_LIMITS_H 1
| #define HAVE_SYS_STAT_H 1
| #define HAVE_SYS_PARAM_H 1
| #define HAVE_DIRENT_H 1
| #define HAVE_CTYPE_H 1
| /* end confdefs.h.  */
| /* Define openpty to an innocuous variant, in case <limits.h> declares openpty.
|    For example, HP-UX 11i <limits.h> declares gettimeofday.  */
| #define openpty innocuous_openpty
| 
| /* System header to define __stub macros and hopefully few prototypes,
|     which can conflict with char openpty (); below.
|     Prefer <limits.h> to <assert.h> if __STDC__ is defined, since
|     <limits.h> exists even on freestanding compilers.  */
| 
| #ifdef __STDC__
| # include <limits.h>
| #else
| # include <assert.h>
| #endif
| 
| #undef openpty
| 
| /* Override any GCC internal prototype to avoid an error.
|    Use char because int might match the return type of a GCC
|    builtin and then its argument prototype would still apply.  */
| #ifdef __cplusplus
| extern "C"
| #endif
| char openpty ();
| /* The GNU C library defines this for functions which it implements
|     to always fail with ENOSYS.  Some functions are actually named
|     something starting with __ and the normal name is an alias.  */
| #if defined __stub_openpty || defined __stub___openpty
| choke me
| #endif
| 
| int
| main ()
| {
| return openpty ();
|   ;
|   return 0;
| }
configure:5484: result: no
configure:5503: checking for getusershell
configure:5559: gcc -o conftest -g -O2   conftest.c  >&5
configure:5566: $? = 0
configure:5588: result: yes
configure:5503: checking for gettimeofday
configure:5559: gcc -o conftest -g -O2   conftest.c  >&5
configure:5566: $? = 0
configure:5588: result: yes
configure:5605: checking for mkdir
configure:5661: gcc -o conftest -g -O2   conftest.c  >&5
configure:5668: $? = 0
configure:5690: result: yes
configure:5605: checking for rmdir
configure:5661: gcc -o conftest -g -O2   conftest.c  >&5
configure:5668: $? = 0
configure:5690: result: yes
configure:5706: checking for setpenv
configure:5762: gcc -o conftest -g -O2   conftest.c  >&5
/tmp/cc03JhSS.o: In function `main':
/root/rpmbuild/SOURCES/sudosh-3.2.3/conftest.c:85: undefined reference to `setpenv'
collect2: ld returned 1 exit status
configure:5769: $? = 1
configure: failed program was:
| /* confdefs.h.  */
| #define PACKAGE_NAME "sudosh3"
| #define PACKAGE_TARNAME "sudosh3"
| #define PACKAGE_VERSION "3.2.4"
| #define PACKAGE_STRING "sudosh3 3.2.4"
| #define PACKAGE_BUGREPORT "joeri.pronk@adyen.com"
| #define PACKAGE "sudosh3"
| #define VERSION "3.2.4"
| #define LOGDIR "/var/log/sudosh"
| #define HAS_ETC_SHELLS 1
| #define HAVE_DIRENT_H 1
| #define STDC_HEADERS 1
| #define HAVE_SYS_TYPES_H 1
| #define HAVE_SYS_STAT_H 1
| #define HAVE_STDLIB_H 1
| #define HAVE_STRING_H 1
| #define HAVE_MEMORY_H 1
| #define HAVE_STRINGS_H 1
| #define HAVE_INTTYPES_H 1
| #define HAVE_STDINT_H 1
| #define HAVE_UNISTD_H 1
| #define HAVE_UNISTD_H 1
| #define HAVE_STDLIB_H 1
| #define HAVE_STRING_H 1
| #define HAVE_ERRNO_H 1
| #define HAVE_STDARG_H 1
| #define HAVE_STDIO_H 1
| #define HAVE_SGTTY_H 1
| #define HAVE_PTY_H 1
| #define HAVE_SIGNAL_H 1
| #define HAVE_TIME_H 1
| #define HAVE_SYS_TIME_H 1
| #define HAVE_FCNTL_H 1
| #define HAVE_TERMIOS_H 1
| #define HAVE_SYS_TERMIOS_H 1
| #define HAVE_SYS_TYPES_H 1
| #define HAVE_FEATURES_H 1
| #define HAVE_SYS_IOCTL_H 1
| #define HAVE_PWD_H 1
| #define HAVE_SYSLOG_H 1
| #define HAVE_LIMITS_H 1
| #define HAVE_SYS_STAT_H 1
| #define HAVE_SYS_PARAM_H 1
| #define HAVE_DIRENT_H 1
| #define HAVE_CTYPE_H 1
| #define HAVE_GETUSERSHELL 1
| #define HAVE_GETTIMEOFDAY 1
| #define HAVE_MKDIR 1
| #define HAVE_RMDIR 1
| /* end confdefs.h.  */
| /* Define setpenv to an innocuous variant, in case <limits.h> declares setpenv.
|    For example, HP-UX 11i <limits.h> declares gettimeofday.  */
| #define setpenv innocuous_setpenv
| 
| /* System header to define __stub macros and hopefully few prototypes,
|     which can conflict with char setpenv (); below.
|     Prefer <limits.h> to <assert.h> if __STDC__ is defined, since
|     <limits.h> exists even on freestanding compilers.  */
| 
| #ifdef __STDC__
| # include <limits.h>
| #else
| # include <assert.h>
| #endif
| 
| #undef setpenv
| 
| /* Override any GCC internal prototype to avoid an error.
|    Use char because int might match the return type of a GCC
|    builtin and then its argument prototype would still apply.  */
| #ifdef __cplusplus
| extern "C"
| #endif
| char setpenv ();
| /* The GNU C library defines this for functions which it implements
|     to always fail with ENOSYS.  Some functions are actually named
|     something starting with __ and the normal name is an alias.  */
| #if defined __stub_setpenv || defined __stub___setpenv
| choke me
| #endif
| 
| int
| main ()
| {
| return setpenv ();
|   ;
|   return 0;
| }
configure:5791: result: no
configure:5817: checking for atoi
configure:5873: gcc -o conftest -g -O2   conftest.c  >&5
configure:5880: $? = 0
configure:5902: result: yes
configure:5817: checking for sscanf
configure:5873: gcc -o conftest -g -O2   conftest.c  >&5
conftest.c:75: warning: conflicting types for built-in function 'sscanf'
configure:5880: $? = 0
configure:5902: result: yes
configure:5817: checking for open
configure:5873: gcc -o conftest -g -O2   conftest.c  >&5
configure:5880: $? = 0
configure:5902: result: yes
configure:5817: checking for read
configure:5873: gcc -o conftest -g -O2   conftest.c  >&5
configure:5880: $? = 0
configure:5902: result: yes
configure:5817: checking for close
configure:5873: gcc -o conftest -g -O2   conftest.c  >&5
configure:5880: $? = 0
configure:5902: result: yes
configure:5817: checking for fflush
configure:5873: gcc -o conftest -g -O2   conftest.c  >&5
configure:5880: $? = 0
configure:5902: result: yes
configure:5817: checking for fclose
configure:5873: gcc -o conftest -g -O2   conftest.c  >&5
configure:5880: $? = 0
configure:5902: result: yes
configure:5817: checking for fopen
configure:5873: gcc -o conftest -g -O2   conftest.c  >&5
configure:5880: $? = 0
configure:5902: result: yes
configure:5817: checking for fread
configure:5873: gcc -o conftest -g -O2   conftest.c  >&5
configure:5880: $? = 0
configure:5902: result: yes
configure:5817: checking for fputs
configure:5873: gcc -o conftest -g -O2   conftest.c  >&5
conftest.c:83: warning: conflicting types for built-in function 'fputs'
configure:5880: $? = 0
configure:5902: result: yes
configure:5817: checking for fprintf
configure:5873: gcc -o conftest -g -O2   conftest.c  >&5
conftest.c:84: warning: conflicting types for built-in function 'fprintf'
configure:5880: $? = 0
configure:5902: result: yes
configure:5924: checking for strncpy
configure:5980: gcc -o conftest -g -O2   conftest.c  >&5
conftest.c:85: warning: conflicting types for built-in function 'strncpy'
configure:5987: $? = 0
configure:6009: result: yes
configure:5924: checking for snprintf
configure:5980: gcc -o conftest -g -O2   conftest.c  >&5
conftest.c:86: warning: conflicting types for built-in function 'snprintf'
configure:5987: $? = 0
configure:6009: result: yes
configure:5924: checking for strcmp
configure:5980: gcc -o conftest -g -O2   conftest.c  >&5
conftest.c:87: warning: conflicting types for built-in function 'strcmp'
configure:5987: $? = 0
configure:6009: result: yes
configure:5924: checking for strlen
configure:5980: gcc -o conftest -g -O2   conftest.c  >&5
conftest.c:88: warning: conflicting types for built-in function 'strlen'
configure:5987: $? = 0
configure:6009: result: yes
configure:5924: checking for strftime
configure:5980: gcc -o conftest -g -O2   conftest.c  >&5
conftest.c:89: warning: conflicting types for built-in function 'strftime'
configure:5987: $? = 0
configure:6009: result: yes
configure:5924: checking for isspace
configure:5980: gcc -o conftest -g -O2   conftest.c  >&5
conftest.c:90: warning: conflicting types for built-in function 'isspace'
configure:5987: $? = 0
configure:6009: result: yes
configure:5924: checking for localtime
configure:5980: gcc -o conftest -g -O2   conftest.c  >&5
configure:5987: $? = 0
configure:6009: result: yes
configure:6027: checking for opendir
configure:6083: gcc -o conftest -g -O2   conftest.c  >&5
configure:6090: $? = 0
configure:6112: result: yes
configure:6027: checking for readdir
configure:6083: gcc -o conftest -g -O2   conftest.c  >&5
configure:6090: $? = 0
configure:6112: result: yes
configure:6027: checking for closedir
configure:6083: gcc -o conftest -g -O2   conftest.c  >&5
configure:6090: $? = 0
configure:6112: result: yes
configure:6132: checking for memchr
configure:6188: gcc -o conftest -g -O2   conftest.c  >&5
conftest.c:95: warning: conflicting types for built-in function 'memchr'
configure:6195: $? = 0
configure:6217: result: yes
configure:6132: checking for memmove
configure:6188: gcc -o conftest -g -O2   conftest.c  >&5
conftest.c:96: warning: conflicting types for built-in function 'memmove'
configure:6195: $? = 0
configure:6217: result: yes
configure:6132: checking for memset
configure:6188: gcc -o conftest -g -O2   conftest.c  >&5
conftest.c:97: warning: conflicting types for built-in function 'memset'
configure:6195: $? = 0
configure:6217: result: yes
configure:6132: checking for select
configure:6188: gcc -o conftest -g -O2   conftest.c  >&5
configure:6195: $? = 0
configure:6217: result: yes
configure:6132: checking for strrchr
configure:6188: gcc -o conftest -g -O2   conftest.c  >&5
conftest.c:99: warning: conflicting types for built-in function 'strrchr'
configure:6195: $? = 0
configure:6217: result: yes
configure:6231: checking for an ANSI C-conforming const
configure:6306: gcc -c -g -O2  conftest.c >&5
configure:6313: $? = 0
configure:6328: result: yes
configure:6338: checking for pid_t
configure:6366: gcc -c -g -O2  conftest.c >&5
configure:6373: $? = 0
configure:6400: gcc -c -g -O2  conftest.c >&5
conftest.c: In function 'main':
conftest.c:113: error: expected expression before ')' token
configure:6407: $? = 1
configure: failed program was:
| /* confdefs.h.  */
| #define PACKAGE_NAME "sudosh3"
| #define PACKAGE_TARNAME "sudosh3"
| #define PACKAGE_VERSION "3.2.4"
| #define PACKAGE_STRING "sudosh3 3.2.4"
| #define PACKAGE_BUGREPORT "joeri.pronk@adyen.com"
| #define PACKAGE "sudosh3"
| #define VERSION "3.2.4"
| #define LOGDIR "/var/log/sudosh"
| #define HAS_ETC_SHELLS 1
| #define HAVE_DIRENT_H 1
| #define STDC_HEADERS 1
| #define HAVE_SYS_TYPES_H 1
| #define HAVE_SYS_STAT_H 1
| #define HAVE_STDLIB_H 1
| #define HAVE_STRING_H 1
| #define HAVE_MEMORY_H 1
| #define HAVE_STRINGS_H 1
| #define HAVE_INTTYPES_H 1
| #define HAVE_STDINT_H 1
| #define HAVE_UNISTD_H 1
| #define HAVE_UNISTD_H 1
| #define HAVE_STDLIB_H 1
| #define HAVE_STRING_H 1
| #define HAVE_ERRNO_H 1
| #define HAVE_STDARG_H 1
| #define HAVE_STDIO_H 1
| #define HAVE_SGTTY_H 1
| #define HAVE_PTY_H 1
| #define HAVE_SIGNAL_H 1
| #define HAVE_TIME_H 1
| #define HAVE_SYS_TIME_H 1
| #define HAVE_FCNTL_H 1
| #define HAVE_TERMIOS_H 1
| #define HAVE_SYS_TERMIOS_H 1
| #define HAVE_SYS_TYPES_H 1
| #define HAVE_FEATURES_H 1
| #define HAVE_SYS_IOCTL_H 1
| #define HAVE_PWD_H 1
| #define HAVE_SYSLOG_H 1
| #define HAVE_LIMITS_H 1
| #define HAVE_SYS_STAT_H 1
| #define HAVE_SYS_PARAM_H 1
| #define HAVE_DIRENT_H 1
| #define HAVE_CTYPE_H 1
| #define HAVE_GETUSERSHELL 1
| #define HAVE_GETTIMEOFDAY 1
| #define HAVE_MKDIR 1
| #define HAVE_RMDIR 1
| #define HAVE_ATOI 1
| #define HAVE_SSCANF 1
| #define HAVE_OPEN 1
| #define HAVE_READ 1
| #define HAVE_CLOSE 1
| #define HAVE_FFLUSH 1
| #define HAVE_FCLOSE 1
| #define HAVE_FOPEN 1
| #define HAVE_FREAD 1
| #define HAVE_FPUTS 1
| #define HAVE_FPRINTF 1
| #define HAVE_STRNCPY 1
| #define HAVE_SNPRINTF 1
| #define HAVE_STRCMP 1
| #define HAVE_STRLEN 1
| #define HAVE_STRFTIME 1
| #define HAVE_ISSPACE 1
| #define HAVE_LOCALTIME 1
| #define HAVE_OPENDIR 1
| #define HAVE_READDIR 1
| #define HAVE_CLOSEDIR 1
| #define HAVE_MEMCHR 1
| #define HAVE_MEMMOVE 1
| #define HAVE_MEMSET 1
| #define HAVE_SELECT 1
| #define HAVE_STRRCHR 1
| /* end confdefs.h.  */
| #include <stdio.h>
| #ifdef HAVE_SYS_TYPES_H
| # include <sys/types.h>
| #endif
| #ifdef HAVE_SYS_STAT_H
| # include <sys/stat.h>
| #endif
| #ifdef STDC_HEADERS
| # include <stdlib.h>
| # include <stddef.h>
| #else
| # ifdef HAVE_STDLIB_H
| #  include <stdlib.h>
| # endif
| #endif
| #ifdef HAVE_STRING_H
| # if !defined STDC_HEADERS && defined HAVE_MEMORY_H
| #  include <memory.h>
| # endif
| # include <string.h>
| #endif
| #ifdef HAVE_STRINGS_H
| # include <strings.h>
| #endif
| #ifdef HAVE_INTTYPES_H
| # include <inttypes.h>
| #endif
| #ifdef HAVE_STDINT_H
| # include <stdint.h>
| #endif
| #ifdef HAVE_UNISTD_H
| # include <unistd.h>
| #endif
| int
| main ()
| {
| if (sizeof ((pid_t)))
| 	  return 0;
|   ;
|   return 0;
| }
configure:6430: result: yes
configure:6442: checking for size_t
configure:6470: gcc -c -g -O2  conftest.c >&5
configure:6477: $? = 0
configure:6504: gcc -c -g -O2  conftest.c >&5
conftest.c: In function 'main':
conftest.c:113: error: expected expression before ')' token
configure:6511: $? = 1
configure: failed program was:
| /* confdefs.h.  */
| #define PACKAGE_NAME "sudosh3"
| #define PACKAGE_TARNAME "sudosh3"
| #define PACKAGE_VERSION "3.2.4"
| #define PACKAGE_STRING "sudosh3 3.2.4"
| #define PACKAGE_BUGREPORT "joeri.pronk@adyen.com"
| #define PACKAGE "sudosh3"
| #define VERSION "3.2.4"
| #define LOGDIR "/var/log/sudosh"
| #define HAS_ETC_SHELLS 1
| #define HAVE_DIRENT_H 1
| #define STDC_HEADERS 1
| #define HAVE_SYS_TYPES_H 1
| #define HAVE_SYS_STAT_H 1
| #define HAVE_STDLIB_H 1
| #define HAVE_STRING_H 1
| #define HAVE_MEMORY_H 1
| #define HAVE_STRINGS_H 1
| #define HAVE_INTTYPES_H 1
| #define HAVE_STDINT_H 1
| #define HAVE_UNISTD_H 1
| #define HAVE_UNISTD_H 1
| #define HAVE_STDLIB_H 1
| #define HAVE_STRING_H 1
| #define HAVE_ERRNO_H 1
| #define HAVE_STDARG_H 1
| #define HAVE_STDIO_H 1
| #define HAVE_SGTTY_H 1
| #define HAVE_PTY_H 1
| #define HAVE_SIGNAL_H 1
| #define HAVE_TIME_H 1
| #define HAVE_SYS_TIME_H 1
| #define HAVE_FCNTL_H 1
| #define HAVE_TERMIOS_H 1
| #define HAVE_SYS_TERMIOS_H 1
| #define HAVE_SYS_TYPES_H 1
| #define HAVE_FEATURES_H 1
| #define HAVE_SYS_IOCTL_H 1
| #define HAVE_PWD_H 1
| #define HAVE_SYSLOG_H 1
| #define HAVE_LIMITS_H 1
| #define HAVE_SYS_STAT_H 1
| #define HAVE_SYS_PARAM_H 1
| #define HAVE_DIRENT_H 1
| #define HAVE_CTYPE_H 1
| #define HAVE_GETUSERSHELL 1
| #define HAVE_GETTIMEOFDAY 1
| #define HAVE_MKDIR 1
| #define HAVE_RMDIR 1
| #define HAVE_ATOI 1
| #define HAVE_SSCANF 1
| #define HAVE_OPEN 1
| #define HAVE_READ 1
| #define HAVE_CLOSE 1
| #define HAVE_FFLUSH 1
| #define HAVE_FCLOSE 1
| #define HAVE_FOPEN 1
| #define HAVE_FREAD 1
| #define HAVE_FPUTS 1
| #define HAVE_FPRINTF 1
| #define HAVE_STRNCPY 1
| #define HAVE_SNPRINTF 1
| #define HAVE_STRCMP 1
| #define HAVE_STRLEN 1
| #define HAVE_STRFTIME 1
| #define HAVE_ISSPACE 1
| #define HAVE_LOCALTIME 1
| #define HAVE_OPENDIR 1
| #define HAVE_READDIR 1
| #define HAVE_CLOSEDIR 1
| #define HAVE_MEMCHR 1
| #define HAVE_MEMMOVE 1
| #define HAVE_MEMSET 1
| #define HAVE_SELECT 1
| #define HAVE_STRRCHR 1
| /* end confdefs.h.  */
| #include <stdio.h>
| #ifdef HAVE_SYS_TYPES_H
| # include <sys/types.h>
| #endif
| #ifdef HAVE_SYS_STAT_H
| # include <sys/stat.h>
| #endif
| #ifdef STDC_HEADERS
| # include <stdlib.h>
| # include <stddef.h>
| #else
| # ifdef HAVE_STDLIB_H
| #  include <stdlib.h>
| # endif
| #endif
| #ifdef HAVE_STRING_H
| # if !defined STDC_HEADERS && defined HAVE_MEMORY_H
| #  include <memory.h>
| # endif
| # include <string.h>
| #endif
| #ifdef HAVE_STRINGS_H
| # include <strings.h>
| #endif
| #ifdef HAVE_INTTYPES_H
| # include <inttypes.h>
| #endif
| #ifdef HAVE_STDINT_H
| # include <stdint.h>
| #endif
| #ifdef HAVE_UNISTD_H
| # include <unistd.h>
| #endif
| int
| main ()
| {
| if (sizeof ((size_t)))
| 	  return 0;
|   ;
|   return 0;
| }
configure:6534: result: yes
configure:6546: checking whether time.h and sys/time.h may both be included
configure:6576: gcc -c -g -O2  conftest.c >&5
configure:6583: $? = 0
configure:6598: result: yes
configure:6626: checking vfork.h usability
configure:6643: gcc -c -g -O2  conftest.c >&5
conftest.c:111:19: error: vfork.h: No such file or directory
configure:6650: $? = 1
configure: failed program was:
| /* confdefs.h.  */
| #define PACKAGE_NAME "sudosh3"
| #define PACKAGE_TARNAME "sudosh3"
| #define PACKAGE_VERSION "3.2.4"
| #define PACKAGE_STRING "sudosh3 3.2.4"
| #define PACKAGE_BUGREPORT "joeri.pronk@adyen.com"
| #define PACKAGE "sudosh3"
| #define VERSION "3.2.4"
| #define LOGDIR "/var/log/sudosh"
| #define HAS_ETC_SHELLS 1
| #define HAVE_DIRENT_H 1
| #define STDC_HEADERS 1
| #define HAVE_SYS_TYPES_H 1
| #define HAVE_SYS_STAT_H 1
| #define HAVE_STDLIB_H 1
| #define HAVE_STRING_H 1
| #define HAVE_MEMORY_H 1
| #define HAVE_STRINGS_H 1
| #define HAVE_INTTYPES_H 1
| #define HAVE_STDINT_H 1
| #define HAVE_UNISTD_H 1
| #define HAVE_UNISTD_H 1
| #define HAVE_STDLIB_H 1
| #define HAVE_STRING_H 1
| #define HAVE_ERRNO_H 1
| #define HAVE_STDARG_H 1
| #define HAVE_STDIO_H 1
| #define HAVE_SGTTY_H 1
| #define HAVE_PTY_H 1
| #define HAVE_SIGNAL_H 1
| #define HAVE_TIME_H 1
| #define HAVE_SYS_TIME_H 1
| #define HAVE_FCNTL_H 1
| #define HAVE_TERMIOS_H 1
| #define HAVE_SYS_TERMIOS_H 1
| #define HAVE_SYS_TYPES_H 1
| #define HAVE_FEATURES_H 1
| #define HAVE_SYS_IOCTL_H 1
| #define HAVE_PWD_H 1
| #define HAVE_SYSLOG_H 1
| #define HAVE_LIMITS_H 1
| #define HAVE_SYS_STAT_H 1
| #define HAVE_SYS_PARAM_H 1
| #define HAVE_DIRENT_H 1
| #define HAVE_CTYPE_H 1
| #define HAVE_GETUSERSHELL 1
| #define HAVE_GETTIMEOFDAY 1
| #define HAVE_MKDIR 1
| #define HAVE_RMDIR 1
| #define HAVE_ATOI 1
| #define HAVE_SSCANF 1
| #define HAVE_OPEN 1
| #define HAVE_READ 1
| #define HAVE_CLOSE 1
| #define HAVE_FFLUSH 1
| #define HAVE_FCLOSE 1
| #define HAVE_FOPEN 1
| #define HAVE_FREAD 1
| #define HAVE_FPUTS 1
| #define HAVE_FPRINTF 1
| #define HAVE_STRNCPY 1
| #define HAVE_SNPRINTF 1
| #define HAVE_STRCMP 1
| #define HAVE_STRLEN 1
| #define HAVE_STRFTIME 1
| #define HAVE_ISSPACE 1
| #define HAVE_LOCALTIME 1
| #define HAVE_OPENDIR 1
| #define HAVE_READDIR 1
| #define HAVE_CLOSEDIR 1
| #define HAVE_MEMCHR 1
| #define HAVE_MEMMOVE 1
| #define HAVE_MEMSET 1
| #define HAVE_SELECT 1
| #define HAVE_STRRCHR 1
| #define TIME_WITH_SYS_TIME 1
| /* end confdefs.h.  */
| #include <stdio.h>
| #ifdef HAVE_SYS_TYPES_H
| # include <sys/types.h>
| #endif
| #ifdef HAVE_SYS_STAT_H
| # include <sys/stat.h>
| #endif
| #ifdef STDC_HEADERS
| # include <stdlib.h>
| # include <stddef.h>
| #else
| # ifdef HAVE_STDLIB_H
| #  include <stdlib.h>
| # endif
| #endif
| #ifdef HAVE_STRING_H
| # if !defined STDC_HEADERS && defined HAVE_MEMORY_H
| #  include <memory.h>
| # endif
| # include <string.h>
| #endif
| #ifdef HAVE_STRINGS_H
| # include <strings.h>
| #endif
| #ifdef HAVE_INTTYPES_H
| # include <inttypes.h>
| #endif
| #ifdef HAVE_STDINT_H
| # include <stdint.h>
| #endif
| #ifdef HAVE_UNISTD_H
| # include <unistd.h>
| #endif
| #include <vfork.h>
configure:6664: result: no
configure:6668: checking vfork.h presence
configure:6683: gcc -E  conftest.c
conftest.c:78:19: error: vfork.h: No such file or directory
configure:6690: $? = 1
configure: failed program was:
| /* confdefs.h.  */
| #define PACKAGE_NAME "sudosh3"
| #define PACKAGE_TARNAME "sudosh3"
| #define PACKAGE_VERSION "3.2.4"
| #define PACKAGE_STRING "sudosh3 3.2.4"
| #define PACKAGE_BUGREPORT "joeri.pronk@adyen.com"
| #define PACKAGE "sudosh3"
| #define VERSION "3.2.4"
| #define LOGDIR "/var/log/sudosh"
| #define HAS_ETC_SHELLS 1
| #define HAVE_DIRENT_H 1
| #define STDC_HEADERS 1
| #define HAVE_SYS_TYPES_H 1
| #define HAVE_SYS_STAT_H 1
| #define HAVE_STDLIB_H 1
| #define HAVE_STRING_H 1
| #define HAVE_MEMORY_H 1
| #define HAVE_STRINGS_H 1
| #define HAVE_INTTYPES_H 1
| #define HAVE_STDINT_H 1
| #define HAVE_UNISTD_H 1
| #define HAVE_UNISTD_H 1
| #define HAVE_STDLIB_H 1
| #define HAVE_STRING_H 1
| #define HAVE_ERRNO_H 1
| #define HAVE_STDARG_H 1
| #define HAVE_STDIO_H 1
| #define HAVE_SGTTY_H 1
| #define HAVE_PTY_H 1
| #define HAVE_SIGNAL_H 1
| #define HAVE_TIME_H 1
| #define HAVE_SYS_TIME_H 1
| #define HAVE_FCNTL_H 1
| #define HAVE_TERMIOS_H 1
| #define HAVE_SYS_TERMIOS_H 1
| #define HAVE_SYS_TYPES_H 1
| #define HAVE_FEATURES_H 1
| #define HAVE_SYS_IOCTL_H 1
| #define HAVE_PWD_H 1
| #define HAVE_SYSLOG_H 1
| #define HAVE_LIMITS_H 1
| #define HAVE_SYS_STAT_H 1
| #define HAVE_SYS_PARAM_H 1
| #define HAVE_DIRENT_H 1
| #define HAVE_CTYPE_H 1
| #define HAVE_GETUSERSHELL 1
| #define HAVE_GETTIMEOFDAY 1
| #define HAVE_MKDIR 1
| #define HAVE_RMDIR 1
| #define HAVE_ATOI 1
| #define HAVE_SSCANF 1
| #define HAVE_OPEN 1
| #define HAVE_READ 1
| #define HAVE_CLOSE 1
| #define HAVE_FFLUSH 1
| #define HAVE_FCLOSE 1
| #define HAVE_FOPEN 1
| #define HAVE_FREAD 1
| #define HAVE_FPUTS 1
| #define HAVE_FPRINTF 1
| #define HAVE_STRNCPY 1
| #define HAVE_SNPRINTF 1
| #define HAVE_STRCMP 1
| #define HAVE_STRLEN 1
| #define HAVE_STRFTIME 1
| #define HAVE_ISSPACE 1
| #define HAVE_LOCALTIME 1
| #define HAVE_OPENDIR 1
| #define HAVE_READDIR 1
| #define HAVE_CLOSEDIR 1
| #define HAVE_MEMCHR 1
| #define HAVE_MEMMOVE 1
| #define HAVE_MEMSET 1
| #define HAVE_SELECT 1
| #define HAVE_STRRCHR 1
| #define TIME_WITH_SYS_TIME 1
| /* end confdefs.h.  */
| #include <vfork.h>
configure:6704: result: no
configure:6737: checking for vfork.h
configure:6746: result: no
configure:6766: checking for fork
configure:6822: gcc -o conftest -g -O2   conftest.c  >&5
conftest.c:101: warning: conflicting types for built-in function 'fork'
configure:6829: $? = 0
configure:6851: result: yes
configure:6766: checking for vfork
configure:6822: gcc -o conftest -g -O2   conftest.c  >&5
configure:6829: $? = 0
configure:6851: result: yes
configure:6864: checking for working fork
configure:6896: gcc -o conftest -g -O2   conftest.c  >&5
configure:6900: $? = 0
configure:6906: ./conftest
configure:6910: $? = 0
configure:6927: result: yes
configure:6948: checking for working vfork
configure:7089: result: yes
configure:7121: checking whether gcc needs -traditional
configure:7163: result: no
configure:7187: checking sys/select.h usability
configure:7204: gcc -c -g -O2  conftest.c >&5
configure:7211: $? = 0
configure:7225: result: yes
configure:7229: checking sys/select.h presence
configure:7244: gcc -E  conftest.c
configure:7251: $? = 0
configure:7265: result: yes
configure:7298: checking for sys/select.h
configure:7307: result: yes
configure:7187: checking sys/socket.h usability
configure:7204: gcc -c -g -O2  conftest.c >&5
configure:7211: $? = 0
configure:7225: result: yes
configure:7229: checking sys/socket.h presence
configure:7244: gcc -E  conftest.c
configure:7251: $? = 0
configure:7265: result: yes
configure:7298: checking for sys/socket.h
configure:7307: result: yes
configure:7322: checking types of arguments for select
configure:7360: gcc -c -g -O2  conftest.c >&5
configure:7367: $? = 0
configure:7388: result: int,fd_set *,struct timeval *
configure:7411: checking return type of signal handlers
configure:7439: gcc -c -g -O2  conftest.c >&5
conftest.c: In function 'main':
conftest.c:93: error: void value not ignored as it ought to be
configure:7446: $? = 1
configure: failed program was:
| /* confdefs.h.  */
| #define PACKAGE_NAME "sudosh3"
| #define PACKAGE_TARNAME "sudosh3"
| #define PACKAGE_VERSION "3.2.4"
| #define PACKAGE_STRING "sudosh3 3.2.4"
| #define PACKAGE_BUGREPORT "joeri.pronk@adyen.com"
| #define PACKAGE "sudosh3"
| #define VERSION "3.2.4"
| #define LOGDIR "/var/log/sudosh"
| #define HAS_ETC_SHELLS 1
| #define HAVE_DIRENT_H 1
| #define STDC_HEADERS 1
| #define HAVE_SYS_TYPES_H 1
| #define HAVE_SYS_STAT_H 1
| #define HAVE_STDLIB_H 1
| #define HAVE_STRING_H 1
| #define HAVE_MEMORY_H 1
| #define HAVE_STRINGS_H 1
| #define HAVE_INTTYPES_H 1
| #define HAVE_STDINT_H 1
| #define HAVE_UNISTD_H 1
| #define HAVE_UNISTD_H 1
| #define HAVE_STDLIB_H 1
| #define HAVE_STRING_H 1
| #define HAVE_ERRNO_H 1
| #define HAVE_STDARG_H 1
| #define HAVE_STDIO_H 1
| #define HAVE_SGTTY_H 1
| #define HAVE_PTY_H 1
| #define HAVE_SIGNAL_H 1
| #define HAVE_TIME_H 1
| #define HAVE_SYS_TIME_H 1
| #define HAVE_FCNTL_H 1
| #define HAVE_TERMIOS_H 1
| #define HAVE_SYS_TERMIOS_H 1
| #define HAVE_SYS_TYPES_H 1
| #define HAVE_FEATURES_H 1
| #define HAVE_SYS_IOCTL_H 1
| #define HAVE_PWD_H 1
| #define HAVE_SYSLOG_H 1
| #define HAVE_LIMITS_H 1
| #define HAVE_SYS_STAT_H 1
| #define HAVE_SYS_PARAM_H 1
| #define HAVE_DIRENT_H 1
| #define HAVE_CTYPE_H 1
| #define HAVE_GETUSERSHELL 1
| #define HAVE_GETTIMEOFDAY 1
| #define HAVE_MKDIR 1
| #define HAVE_RMDIR 1
| #define HAVE_ATOI 1
| #define HAVE_SSCANF 1
| #define HAVE_OPEN 1
| #define HAVE_READ 1
| #define HAVE_CLOSE 1
| #define HAVE_FFLUSH 1
| #define HAVE_FCLOSE 1
| #define HAVE_FOPEN 1
| #define HAVE_FREAD 1
| #define HAVE_FPUTS 1
| #define HAVE_FPRINTF 1
| #define HAVE_STRNCPY 1
| #define HAVE_SNPRINTF 1
| #define HAVE_STRCMP 1
| #define HAVE_STRLEN 1
| #define HAVE_STRFTIME 1
| #define HAVE_ISSPACE 1
| #define HAVE_LOCALTIME 1
| #define HAVE_OPENDIR 1
| #define HAVE_READDIR 1
| #define HAVE_CLOSEDIR 1
| #define HAVE_MEMCHR 1
| #define HAVE_MEMMOVE 1
| #define HAVE_MEMSET 1
| #define HAVE_SELECT 1
| #define HAVE_STRRCHR 1
| #define TIME_WITH_SYS_TIME 1
| #define HAVE_FORK 1
| #define HAVE_VFORK 1
| #define HAVE_WORKING_VFORK 1
| #define HAVE_WORKING_FORK 1
| #define HAVE_SYS_SELECT_H 1
| #define HAVE_SYS_SOCKET_H 1
| #define SELECT_TYPE_ARG1 int
| #define SELECT_TYPE_ARG234 (fd_set *)
| #define SELECT_TYPE_ARG5 (struct timeval *)
| /* end confdefs.h.  */
| #include <sys/types.h>
| #include <signal.h>
| 
| int
| main ()
| {
| return *(signal (0, 0)) (0) == 1;
|   ;
|   return 0;
| }
configure:7461: result: void
configure:7609: creating ./config.status

## ---------------- ##
## Cache variables. ##
## ---------------- ##

ac_cv_build=x86_64-unknown-linux
ac_cv_c_compiler_gnu=yes
ac_cv_c_const=yes
ac_cv_env_CC_set=
ac_cv_env_CC_value=
ac_cv_env_CFLAGS_set=
ac_cv_env_CFLAGS_value=
ac_cv_env_CPPFLAGS_set=
ac_cv_env_CPPFLAGS_value=
ac_cv_env_CPP_set=
ac_cv_env_CPP_value=
ac_cv_env_LDFLAGS_set=
ac_cv_env_LDFLAGS_value=
ac_cv_env_LIBS_set=
ac_cv_env_LIBS_value=
ac_cv_env_build_alias_set=
ac_cv_env_build_alias_value=
ac_cv_env_host_alias_set=
ac_cv_env_host_alias_value=
ac_cv_env_target_alias_set=
ac_cv_env_target_alias_value=
ac_cv_func_atoi=yes
ac_cv_func_close=yes
ac_cv_func_closedir=yes
ac_cv_func_fclose=yes
ac_cv_func_fflush=yes
ac_cv_func_fopen=yes
ac_cv_func_fork=yes
ac_cv_func_fork_works=yes
ac_cv_func_fprintf=yes
ac_cv_func_fputs=yes
ac_cv_func_fread=yes
ac_cv_func_gettimeofday=yes
ac_cv_func_getusershell=yes
ac_cv_func_isspace=yes
ac_cv_func_localtime=yes
ac_cv_func_memchr=yes
ac_cv_func_memmove=yes
ac_cv_func_memset=yes
ac_cv_func_mkdir=yes
ac_cv_func_open=yes
ac_cv_func_opendir=yes
ac_cv_func_openpty=no
ac_cv_func_read=yes
ac_cv_func_readdir=yes
ac_cv_func_rmdir=yes
ac_cv_func_select=yes
ac_cv_func_select_args='int,fd_set *,struct timeval *'
ac_cv_func_setpenv=no
ac_cv_func_snprintf=yes
ac_cv_func_sscanf=yes
ac_cv_func_strcmp=yes
ac_cv_func_strftime=yes
ac_cv_func_strlen=yes
ac_cv_func_strncpy=yes
ac_cv_func_strrchr=yes
ac_cv_func_vfork=yes
ac_cv_func_vfork_works=yes
ac_cv_header_ctype_h=yes
ac_cv_header_dirent_dirent_h=yes
ac_cv_header_dirent_h=yes
ac_cv_header_errno_h=yes
ac_cv_header_fcntl_h=yes
ac_cv_header_features_h=yes
ac_cv_header_inttypes_h=yes
ac_cv_header_libutil_h=no
ac_cv_header_limits_h=yes
ac_cv_header_memory_h=yes
ac_cv_header_pty_h=yes
ac_cv_header_pwd_h=yes
ac_cv_header_sgtty_h=yes
ac_cv_header_signal_h=yes
ac_cv_header_stdarg_h=yes
ac_cv_header_stdc=yes
ac_cv_header_stdint_h=yes
ac_cv_header_stdio_h=yes
ac_cv_header_stdlib_h=yes
ac_cv_header_string_h=yes
ac_cv_header_strings_h=yes
ac_cv_header_stropts_h=no
ac_cv_header_sys_ioctl_h=yes
ac_cv_header_sys_param_h=yes
ac_cv_header_sys_select_h=yes
ac_cv_header_sys_socket_h=yes
ac_cv_header_sys_stat_h=yes
ac_cv_header_sys_termios_h=yes
ac_cv_header_sys_time_h=yes
ac_cv_header_sys_types_h=yes
ac_cv_header_syslog_h=yes
ac_cv_header_termios_h=yes
ac_cv_header_time=yes
ac_cv_header_time_h=yes
ac_cv_header_unistd_h=yes
ac_cv_header_usersec_h=no
ac_cv_header_util_h=no
ac_cv_header_vfork_h=no
ac_cv_host=x86_64-unknown-linux
ac_cv_objext=o
ac_cv_path_EGREP='/bin/grep -E'
ac_cv_path_GREP=/bin/grep
ac_cv_path_PERL=/usr/bin/perl
ac_cv_path_install='/usr/bin/install -c'
ac_cv_path_mkdir=/bin/mkdir
ac_cv_prog_AWK=gawk
ac_cv_prog_CPP='gcc -E'
ac_cv_prog_ac_ct_CC=gcc
ac_cv_prog_cc_c89=
ac_cv_prog_cc_g=yes
ac_cv_prog_gcc_traditional=no
ac_cv_prog_make_make_set=yes
ac_cv_search_opendir='none required'
ac_cv_target=x86_64-unknown-linux
ac_cv_type_pid_t=yes
ac_cv_type_signal=void
ac_cv_type_size_t=yes
am_cv_CC_dependencies_compiler_type=gcc3

## ----------------- ##
## Output variables. ##
## ----------------- ##

ACLOCAL='${SHELL} /root/rpmbuild/SOURCES/sudosh-3.2.3/missing --run aclocal-1.11'
AMDEPBACKSLASH='\'
AMDEP_FALSE='#'
AMDEP_TRUE=''
AMTAR='${SHELL} /root/rpmbuild/SOURCES/sudosh-3.2.3/missing --run tar'
AUTOCONF='${SHELL} /root/rpmbuild/SOURCES/sudosh-3.2.3/missing --run autoconf'
AUTOHEADER='${SHELL} /root/rpmbuild/SOURCES/sudosh-3.2.3/missing --run autoheader'
AUTOMAKE='${SHELL} /root/rpmbuild/SOURCES/sudosh-3.2.3/missing --run automake-1.11'
AWK='gawk'
CC='gcc'
CCDEPMODE='depmode=gcc3'
CFLAGS='-g -O2 -Werror'
CPP='gcc -E'
CPPFLAGS=''
CYGPATH_W='echo'
DEFS='-DHAVE_CONFIG_H'
DEPDIR='.deps'
ECHO_C=''
ECHO_N='-n'
ECHO_T=''
EGREP='/bin/grep -E'
EXEEXT=''
GREP='/bin/grep'
INSTALL_DATA='${INSTALL} -m 644'
INSTALL_PROGRAM='${INSTALL}'
INSTALL_SCRIPT='${INSTALL}'
INSTALL_STRIP_PROGRAM='$(install_sh) -c -s'
LDFLAGS=''
LIBOBJS=''
LIBS=''
LTLIBOBJS=''
MAKEINFO='${SHELL} /root/rpmbuild/SOURCES/sudosh-3.2.3/missing --run makeinfo'
MKDIR_P='/bin/mkdir -p'
OBJEXT='o'
PACKAGE='sudosh3'
PACKAGE_BUGREPORT='joeri.pronk@adyen.com'
PACKAGE_NAME='sudosh3'
PACKAGE_STRING='sudosh3 3.2.4'
PACKAGE_TARNAME='sudosh3'
PACKAGE_VERSION='3.2.4'
PATH_SEPARATOR=':'
PERL='/usr/bin/perl'
PREFIX='/usr/local'
SET_MAKE=''
SHELL='/bin/sh'
STRIP=''
VERSION='3.2.4'
VFDL=''
VLOGDIR='/var/log/sudosh'
ac_ct_CC='gcc'
am__EXEEXT_FALSE=''
am__EXEEXT_TRUE='#'
am__fastdepCC_FALSE='#'
am__fastdepCC_TRUE=''
am__include='include'
am__isrc=''
am__leading_dot='.'
am__quote=''
am__tar='${AMTAR} chof - "$$tardir"'
am__untar='${AMTAR} xf -'
bindir='${exec_prefix}/bin'
build='x86_64-unknown-linux'
build_alias=''
build_cpu='x86_64'
build_os='linux'
build_vendor='unknown'
datadir='${datarootdir}'
datarootdir='${prefix}/share'
docdir='${datarootdir}/doc/${PACKAGE_TARNAME}'
dvidir='${docdir}'
exec_prefix='${prefix}'
host='x86_64-unknown-linux'
host_alias=''
host_cpu='x86_64'
host_os='linux'
host_vendor='unknown'
htmldir='${docdir}'
includedir='${prefix}/include'
infodir='${datarootdir}/info'
install_sh='${SHELL} /root/rpmbuild/SOURCES/sudosh-3.2.3/install-sh'
libdir='${exec_prefix}/lib'
libexecdir='${exec_prefix}/libexec'
localedir='${datarootdir}/locale'
localstatedir='${prefix}/var'
mandir='${datarootdir}/man'
mkdir_p='/bin/mkdir -p'
oldincludedir='/usr/include'
pdfdir='${docdir}'
prefix='/usr/local'
program_transform_name='s,x,x,'
psdir='${docdir}'
sbindir='${exec_prefix}/sbin'
sharedstatedir='${prefix}/com'
sysconfdir='/etc'
target='x86_64-unknown-linux'
target_alias=''
target_cpu='x86_64'
target_os='linux'
target_vendor='unknown'

## ----------- ##
## confdefs.h. ##
## ----------- ##

#define PACKAGE_NAME "sudosh3"
#define PACKAGE_TARNAME "sudosh3"
#define PACKAGE_VERSION "3.2.4"
#define PACKAGE_STRING "sudosh3 3.2.4"
#define PACKAGE_BUGREPORT "joeri.pronk@adyen.com"
#define PACKAGE "sudosh3"
#define VERSION "3.2.4"
#define LOGDIR "/var/log/sudosh"
#define HAS_ETC_SHELLS 1
#define HAVE_DIRENT_H 1
#define STDC_HEADERS 1
#define HAVE_SYS_TYPES_H 1
#define HAVE_SYS_STAT_H 1
#define HAVE_STDLIB_H 1
#define HAVE_STRING_H 1
#define HAVE_MEMORY_H 1
#define HAVE_STRINGS_H 1
#define HAVE_INTTYPES_H 1
#define HAVE_STDINT_H 1
#define HAVE_UNISTD_H 1
#define HAVE_UNISTD_H 1
#define HAVE_STDLIB_H 1
#define HAVE_STRING_H 1
#define HAVE_ERRNO_H 1
#define HAVE_STDARG_H 1
#define HAVE_STDIO_H 1
#define HAVE_SGTTY_H 1
#define HAVE_PTY_H 1
#define HAVE_SIGNAL_H 1
#define HAVE_TIME_H 1
#define HAVE_SYS_TIME_H 1
#define HAVE_FCNTL_H 1
#define HAVE_TERMIOS_H 1
#define HAVE_SYS_TERMIOS_H 1
#define HAVE_SYS_TYPES_H 1
#define HAVE_FEATURES_H 1
#define HAVE_SYS_IOCTL_H 1
#define HAVE_PWD_H 1
#define HAVE_SYSLOG_H 1
#define HAVE_LIMITS_H 1
#define HAVE_SYS_STAT_H 1
#define HAVE_SYS_PARAM_H 1
#define HAVE_DIRENT_H 1
#define HAVE_CTYPE_H 1
#define HAVE_GETUSERSHELL 1
#define HAVE_GETTIMEOFDAY 1
#define HAVE_MKDIR 1
#define HAVE_RMDIR 1
#define HAVE_ATOI 1
#define HAVE_SSCANF 1
#define HAVE_OPEN 1
#define HAVE_READ 1
#define HAVE_CLOSE 1
#define HAVE_FFLUSH 1
#define HAVE_FCLOSE 1
#define HAVE_FOPEN 1
#define HAVE_FREAD 1
#define HAVE_FPUTS 1
#define HAVE_FPRINTF 1
#define HAVE_STRNCPY 1
#define HAVE_SNPRINTF 1
#define HAVE_STRCMP 1
#define HAVE_STRLEN 1
#define HAVE_STRFTIME 1
#define HAVE_ISSPACE 1
#define HAVE_LOCALTIME 1
#define HAVE_OPENDIR 1
#define HAVE_READDIR 1
#define HAVE_CLOSEDIR 1
#define HAVE_MEMCHR 1
#define HAVE_MEMMOVE 1
#define HAVE_MEMSET 1
#define HAVE_SELECT 1
#define HAVE_STRRCHR 1
#define TIME_WITH_SYS_TIME 1
#define HAVE_FORK 1
#define HAVE_VFORK 1
#define HAVE_WORKING_VFORK 1
#define HAVE_WORKING_FORK 1
#define HAVE_SYS_SELECT_H 1
#define HAVE_SYS_SOCKET_H 1
#define SELECT_TYPE_ARG1 int
#define SELECT_TYPE_ARG234 (fd_set *)
#define SELECT_TYPE_ARG5 (struct timeval *)
#define RETSIGTYPE void
#define SYSCONFDIR "/etc"

configure: exit 0

## ---------------------- ##
## Running config.status. ##
## ---------------------- ##

This file was extended by sudosh3 config.status 3.2.4, which was
generated by GNU Autoconf 2.63.  Invocation command line was

  CONFIG_FILES    = 
  CONFIG_HEADERS  = 
  CONFIG_LINKS    = 
  CONFIG_COMMANDS = 
  $ ./config.status 

on adyenrepo6.office.adyen.com

config.status:861: creating Makefile
config.status:861: creating src/Makefile
config.status:861: creating src/sudosh.conf
config.status:861: creating sudosh.1
config.status:861: creating sudosh-replay.8
config.status:861: creating sudosh.conf.5
config.status:861: creating config.h
config.status:1135: executing depfiles commands

## ---------------------- ##
## Running config.status. ##
## ---------------------- ##

This file was extended by sudosh3 config.status 3.2.4, which was
generated by GNU Autoconf 2.63.  Invocation command line was

  CONFIG_FILES    = 
  CONFIG_HEADERS  = 
  CONFIG_LINKS    = 
  CONFIG_COMMANDS = 
  $ ./config.status config.h

on adyenrepo6.office.adyen.com

config.status:861: creating config.h
config.status:1083: config.h is unchanged
